<?xml version="1.0" encoding="UTF-8"?>
<testsuite name="com.lfkdsk.bika.api.RestWakaClientTest" tests="1" skipped="1" failures="0" errors="0" timestamp="2019-09-30T16:32:21" hostname="MacBook-Pro-2.local" time="488053.622">
  <properties/>
  <testcase name="testCategory" classname="com.lfkdsk.bika.api.RestWakaClientTest" time="488053.622">
    <skipped/>
  </testcase>
  <system-out><![CDATA[[104.20.180.50, 104.20.181.50]
Response{protocol=http/1.1, code=200, message=OK, url=https://picaapi.picacomic.com/auth/sign-in}
]]></system-out>
  <system-err><![CDATA[]]></system-err>
</testsuite>
